-------------------------------------------------------------------------------
Test set: TestSuite
-------------------------------------------------------------------------------
Tests run: 2, Failures: 1, Errors: 0, Skipped: 0, Time elapsed: 22.277 s <<< FAILURE! - in TestSuite
verifyTitleOfThePage(in.amazon.tests.HomepageTests)  Time elapsed: 0.369 s  <<< FAILURE!
java.lang.AssertionError: expected [Amazon Home Page] but found [Online Shopping site in India: Shop Online for Mobiles, Books, Watches, Shoes and More - Amazon.in]
	at in.amazon.tests.HomepageTests.verifyTitleOfThePage(HomepageTests.java:24)

