<?xml version="1.0" encoding="UTF-8"?>
<testng-results skipped="0" failed="0" ignored="0" total="10" passed="10">
  <reporter-output>
  </reporter-output>
  <suite name="Default suite" duration-ms="3242" started-at="2019-08-20T17:20:23Z" finished-at="2019-08-20T17:20:27Z">
    <groups>
    </groups>
    <test name="Default test" duration-ms="3242" started-at="2019-08-20T17:20:23Z" finished-at="2019-08-20T17:20:27Z">
      <class name="demo.DemoDataProvider">
        <test-method status="PASS" signature="printTestData(java.lang.String, java.lang.String)[pri:0, instance:demo.DemoDataProvider@3e6fa38a]" name="printTestData" duration-ms="23" started-at="2019-08-20T17:20:26Z" data-provider="getData" finished-at="2019-08-20T17:20:26Z">
          <params>
            <param index="0">
              <value>
                <![CDATA[saurabh.d2106@gail.com]]>
              </value>
            </param>
            <param index="1">
              <value>
                <![CDATA[Pro@1234]]>
              </value>
            </param>
          </params>
          <reporter-output>
          </reporter-output>
        </test-method> <!-- printTestData -->
        <test-method status="PASS" signature="printTestData(java.lang.String, java.lang.String)[pri:0, instance:demo.DemoDataProvider@3e6fa38a]" name="printTestData" duration-ms="3" started-at="2019-08-20T17:20:26Z" data-provider="getData" finished-at="2019-08-20T17:20:26Z">
          <params>
            <param index="0">
              <value>
                <![CDATA[saurabh.d2106@gail.com]]>
              </value>
            </param>
            <param index="1">
              <value>
                <![CDATA[Pro@1235]]>
              </value>
            </param>
          </params>
          <reporter-output>
          </reporter-output>
        </test-method> <!-- printTestData -->
        <test-method status="PASS" signature="printTestData(java.lang.String, java.lang.String)[pri:0, instance:demo.DemoDataProvider@3e6fa38a]" name="printTestData" duration-ms="1" started-at="2019-08-20T17:20:26Z" data-provider="getData" finished-at="2019-08-20T17:20:26Z">
          <params>
            <param index="0">
              <value>
                <![CDATA[saurabh.d2106@gail.com]]>
              </value>
            </param>
            <param index="1">
              <value>
                <![CDATA[Pro@1236]]>
              </value>
            </param>
          </params>
          <reporter-output>
          </reporter-output>
        </test-method> <!-- printTestData -->
        <test-method status="PASS" signature="printTestData(java.lang.String, java.lang.String)[pri:0, instance:demo.DemoDataProvider@3e6fa38a]" name="printTestData" duration-ms="1" started-at="2019-08-20T17:20:26Z" data-provider="getData" finished-at="2019-08-20T17:20:26Z">
          <params>
            <param index="0">
              <value>
                <![CDATA[saurabh.d2106@gail.com]]>
              </value>
            </param>
            <param index="1">
              <value>
                <![CDATA[Pro@1237]]>
              </value>
            </param>
          </params>
          <reporter-output>
          </reporter-output>
        </test-method> <!-- printTestData -->
        <test-method status="PASS" signature="printTestData(java.lang.String, java.lang.String)[pri:0, instance:demo.DemoDataProvider@3e6fa38a]" name="printTestData" duration-ms="2" started-at="2019-08-20T17:20:26Z" data-provider="getData" finished-at="2019-08-20T17:20:26Z">
          <params>
            <param index="0">
              <value>
                <![CDATA[saurabh.d2106@gail.com]]>
              </value>
            </param>
            <param index="1">
              <value>
                <![CDATA[Pro@1238]]>
              </value>
            </param>
          </params>
          <reporter-output>
          </reporter-output>
        </test-method> <!-- printTestData -->
        <test-method status="PASS" signature="printTestData(java.lang.String, java.lang.String)[pri:0, instance:demo.DemoDataProvider@3e6fa38a]" name="printTestData" duration-ms="2" started-at="2019-08-20T17:20:26Z" data-provider="getData" finished-at="2019-08-20T17:20:26Z">
          <params>
            <param index="0">
              <value>
                <![CDATA[saurabh.d2106@gail.com]]>
              </value>
            </param>
            <param index="1">
              <value>
                <![CDATA[Pro@1239]]>
              </value>
            </param>
          </params>
          <reporter-output>
          </reporter-output>
        </test-method> <!-- printTestData -->
        <test-method status="PASS" signature="printTestData(java.lang.String, java.lang.String)[pri:0, instance:demo.DemoDataProvider@3e6fa38a]" name="printTestData" duration-ms="1" started-at="2019-08-20T17:20:26Z" data-provider="getData" finished-at="2019-08-20T17:20:26Z">
          <params>
            <param index="0">
              <value>
                <![CDATA[saurabh.d2106@gail.com]]>
              </value>
            </param>
            <param index="1">
              <value>
                <![CDATA[Pro@1240]]>
              </value>
            </param>
          </params>
          <reporter-output>
          </reporter-output>
        </test-method> <!-- printTestData -->
        <test-method status="PASS" signature="printTestData(java.lang.String, java.lang.String)[pri:0, instance:demo.DemoDataProvider@3e6fa38a]" name="printTestData" duration-ms="3" started-at="2019-08-20T17:20:26Z" data-provider="getData" finished-at="2019-08-20T17:20:26Z">
          <params>
            <param index="0">
              <value>
                <![CDATA[saurabh.d2106@gail.com]]>
              </value>
            </param>
            <param index="1">
              <value>
                <![CDATA[Pro@1241]]>
              </value>
            </param>
          </params>
          <reporter-output>
          </reporter-output>
        </test-method> <!-- printTestData -->
        <test-method status="PASS" signature="printTestData(java.lang.String, java.lang.String)[pri:0, instance:demo.DemoDataProvider@3e6fa38a]" name="printTestData" duration-ms="3" started-at="2019-08-20T17:20:26Z" data-provider="getData" finished-at="2019-08-20T17:20:26Z">
          <params>
            <param index="0">
              <value>
                <![CDATA[saurabh.d2106@gail.com]]>
              </value>
            </param>
            <param index="1">
              <value>
                <![CDATA[Pro@1242]]>
              </value>
            </param>
          </params>
          <reporter-output>
          </reporter-output>
        </test-method> <!-- printTestData -->
        <test-method status="PASS" signature="printTestData(java.lang.String, java.lang.String)[pri:0, instance:demo.DemoDataProvider@3e6fa38a]" name="printTestData" duration-ms="12" started-at="2019-08-20T17:20:27Z" data-provider="getData" finished-at="2019-08-20T17:20:27Z">
          <params>
            <param index="0">
              <value>
                <![CDATA[saurabh.d2106@gail.com]]>
              </value>
            </param>
            <param index="1">
              <value>
                <![CDATA[Pro@1243]]>
              </value>
            </param>
          </params>
          <reporter-output>
          </reporter-output>
        </test-method> <!-- printTestData -->
      </class> <!-- demo.DemoDataProvider -->
    </test> <!-- Default test -->
  </suite> <!-- Default suite -->
</testng-results>
