<?xml version="1.0" encoding="UTF-8"?>
<!-- Generated by org.testng.reporters.JUnitXMLReporter -->
<testsuite hostname="DESKTOP-R0QK2O8" ignored="0" name="Default test" tests="10" failures="0" timestamp="20 Aug 2019 17:20:27 GMT" time="3.242" errors="0">
  <testcase name="printTestData" time="0.023" classname="demo.DemoDataProvider"/>
  <testcase name="printTestData" time="0.003" classname="demo.DemoDataProvider"/>
  <testcase name="printTestData" time="0.001" classname="demo.DemoDataProvider"/>
  <testcase name="printTestData" time="0.001" classname="demo.DemoDataProvider"/>
  <testcase name="printTestData" time="0.002" classname="demo.DemoDataProvider"/>
  <testcase name="printTestData" time="0.002" classname="demo.DemoDataProvider"/>
  <testcase name="printTestData" time="0.001" classname="demo.DemoDataProvider"/>
  <testcase name="printTestData" time="0.003" classname="demo.DemoDataProvider"/>
  <testcase name="printTestData" time="0.003" classname="demo.DemoDataProvider"/>
  <testcase name="printTestData" time="0.012" classname="demo.DemoDataProvider"/>
</testsuite> <!-- Default test -->
