<?xml version="1.0" encoding="UTF-8"?>
<!-- Generated by org.testng.reporters.JUnitXMLReporter -->
<testsuite hostname="DESKTOP-R0QK2O8" ignored="0" name="Amazon Homepage Test" tests="2" failures="1" timestamp="20 Aug 2019 16:39:27 GMT" time="19.029" errors="0">
  <testcase name="verifyTitleOfThePage" time="0.336" classname="in.amazon.tests.HomepageTests">
    <failure type="java.lang.AssertionError" message="expected [Amazon Home Page] but found [Online Shopping site in India: Shop Online for Mobiles, Books, Watches, Shoes and More - Amazon.in]">
      <![CDATA[java.lang.AssertionError: expected [Amazon Home Page] but found [Online Shopping site in India: Shop Online for Mobiles, Books, Watches, Shoes and More - Amazon.in]
at in.amazon.tests.HomepageTests.verifyTitleOfThePage(HomepageTests.java:24)
... Removed 35 stack frames]]>
    </failure>
  </testcase> <!-- verifyTitleOfThePage -->
  <testcase name="verifyProductSearch" time="5.431" classname="in.amazon.tests.HomepageTests"/>
</testsuite> <!-- Amazon Homepage Test -->
